mobile_attacks/android_to_android/app/build/intermediates/manifest_merge_blame_file/debug/manifest-merger-blame-debug-report.txt
1<?xml version="1.0" encoding="utf-8"?>
2<manifest xmlns:android="http://schemas.android.com/apk/res/android"
3    package="com.offensive.phonehacker"
4    android:versionCode="1"
5    android:versionName="1.0" >
6
7    <uses-sdk
8        android:minSdkVersion="26"
8-->src/main/AndroidManifest.xml
9        android:targetSdkVersion="30" />
9-->src/main/AndroidManifest.xml
10
11    <!-- Network permissions -->
12    <uses-permission android:name="android.permission.INTERNET" />
12-->src/main/AndroidManifest.xml:6:5-67
12-->src/main/AndroidManifest.xml:6:22-64
13    <uses-permission android:name="android.permission.ACCESS_NETWORK_STATE" />
13-->src/main/AndroidManifest.xml:7:5-79
13-->src/main/AndroidManifest.xml:7:22-76
14    <uses-permission android:name="android.permission.ACCESS_WIFI_STATE" />
14-->src/main/AndroidManifest.xml:8:5-76
14-->src/main/AndroidManifest.xml:8:22-73
15    <uses-permission android:name="android.permission.CHANGE_WIFI_STATE" />
15-->src/main/AndroidManifest.xml:9:5-76
15-->src/main/AndroidManifest.xml:9:22-73
16
17    <!-- Storage permissions -->
18    <uses-permission android:name="android.permission.WRITE_EXTERNAL_STORAGE" />
18-->src/main/AndroidManifest.xml:12:5-81
18-->src/main/AndroidManifest.xml:12:22-78
19    <uses-permission android:name="android.permission.READ_EXTERNAL_STORAGE" />
19-->src/main/AndroidManifest.xml:13:5-80
19-->src/main/AndroidManifest.xml:13:22-77
20    <uses-permission android:name="android.permission.MANAGE_EXTERNAL_STORAGE" />
20-->src/main/AndroidManifest.xml:14:5-82
20-->src/main/AndroidManifest.xml:14:22-79
21
22    <!-- Data exfiltration permissions -->
23    <uses-permission android:name="android.permission.READ_CONTACTS" />
23-->src/main/AndroidManifest.xml:17:5-72
23-->src/main/AndroidManifest.xml:17:22-69
24    <uses-permission android:name="android.permission.READ_SMS" />
24-->src/main/AndroidManifest.xml:18:5-67
24-->src/main/AndroidManifest.xml:18:22-64
25    <uses-permission android:name="android.permission.READ_CALL_LOG" />
25-->src/main/AndroidManifest.xml:19:5-72
25-->src/main/AndroidManifest.xml:19:22-69
26    <uses-permission android:name="android.permission.READ_PHONE_STATE" />
26-->src/main/AndroidManifest.xml:20:5-75
26-->src/main/AndroidManifest.xml:20:22-72
27
28    <!-- Location permissions -->
29    <uses-permission android:name="android.permission.ACCESS_FINE_LOCATION" />
29-->src/main/AndroidManifest.xml:23:5-79
29-->src/main/AndroidManifest.xml:23:22-76
30    <uses-permission android:name="android.permission.ACCESS_COARSE_LOCATION" />
30-->src/main/AndroidManifest.xml:24:5-81
30-->src/main/AndroidManifest.xml:24:22-78
31
32    <!-- USB Host/Accessory permissions (for Bad USB / Rubber Ducky) -->
33    <uses-feature
33-->src/main/AndroidManifest.xml:27:5-87
34        android:name="android.hardware.usb.host"
34-->src/main/AndroidManifest.xml:27:19-59
35        android:required="false" />
35-->src/main/AndroidManifest.xml:27:60-84
36    <uses-feature
36-->src/main/AndroidManifest.xml:28:5-92
37        android:name="android.hardware.usb.accessory"
37-->src/main/AndroidManifest.xml:28:19-64
38        android:required="false" />
38-->src/main/AndroidManifest.xml:28:65-89
39
40    <uses-permission android:name="android.permission.USB_PERMISSION" />
40-->src/main/AndroidManifest.xml:29:5-73
40-->src/main/AndroidManifest.xml:29:22-70
41
42    <!-- Boot and foreground service -->
43    <uses-permission android:name="android.permission.RECEIVE_BOOT_COMPLETED" />
43-->src/main/AndroidManifest.xml:32:5-81
43-->src/main/AndroidManifest.xml:32:22-78
44    <uses-permission android:name="android.permission.FOREGROUND_SERVICE" />
44-->src/main/AndroidManifest.xml:33:5-77
44-->src/main/AndroidManifest.xml:33:22-74
45
46    <!-- System-level permissions (for rooted devices) -->
47    <uses-permission android:name="android.permission.ACCESS_SUPERUSER" />
47-->src/main/AndroidManifest.xml:36:5-75
47-->src/main/AndroidManifest.xml:36:22-72
48
49    <application
49-->src/main/AndroidManifest.xml:38:5-91:19
50        android:allowBackup="true"
50-->src/main/AndroidManifest.xml:39:9-35
51        android:appComponentFactory="androidx.core.app.CoreComponentFactory"
51-->[androidx.core:core:1.3.1] AndroidManifest.xml:24:18-86
52        android:debuggable="true"
53        android:extractNativeLibs="false"
54        android:icon="@mipmap/ic_launcher"
54-->src/main/AndroidManifest.xml:40:9-43
55        android:label="USB Attack Tool"
55-->src/main/AndroidManifest.xml:41:9-40
56        android:requestLegacyExternalStorage="true"
56-->src/main/AndroidManifest.xml:46:9-52
57        android:roundIcon="@mipmap/ic_launcher_round"
57-->src/main/AndroidManifest.xml:42:9-54
58        android:supportsRtl="true"
58-->src/main/AndroidManifest.xml:43:9-35
59        android:theme="@style/AppTheme"
59-->src/main/AndroidManifest.xml:44:9-40
60        android:usesCleartextTraffic="true" >
60-->src/main/AndroidManifest.xml:45:9-44
61        <activity
61-->src/main/AndroidManifest.xml:48:9-72:20
62            android:name="com.offensive.phonehacker.MainActivity"
62-->src/main/AndroidManifest.xml:49:13-41
63            android:exported="true"
63-->src/main/AndroidManifest.xml:50:13-36
64            android:launchMode="singleTop" >
64-->src/main/AndroidManifest.xml:51:13-43
65            <intent-filter>
65-->src/main/AndroidManifest.xml:52:13-55:29
66                <action android:name="android.intent.action.MAIN" />
66-->src/main/AndroidManifest.xml:53:17-69
66-->src/main/AndroidManifest.xml:53:25-66
67
68                <category android:name="android.intent.category.LAUNCHER" />
68-->src/main/AndroidManifest.xml:54:17-77
68-->src/main/AndroidManifest.xml:54:27-74
69            </intent-filter>
70
71            <!-- USB device attached filter -->
72            <intent-filter>
72-->src/main/AndroidManifest.xml:58:13-60:29
73                <action android:name="android.hardware.usb.action.USB_DEVICE_ATTACHED" />
73-->src/main/AndroidManifest.xml:59:17-90
73-->src/main/AndroidManifest.xml:59:25-87
74            </intent-filter>
75
76            <meta-data
76-->src/main/AndroidManifest.xml:61:13-63:57
77                android:name="android.hardware.usb.action.USB_DEVICE_ATTACHED"
77-->src/main/AndroidManifest.xml:62:17-79
78                android:resource="@xml/device_filter" />
78-->src/main/AndroidManifest.xml:63:17-54
79
80            <!-- USB accessory attached filter (for Bad USB mode) -->
81            <intent-filter>
81-->src/main/AndroidManifest.xml:66:13-68:29
82                <action android:name="android.hardware.usb.action.USB_ACCESSORY_ATTACHED" />
82-->src/main/AndroidManifest.xml:67:17-93
82-->src/main/AndroidManifest.xml:67:25-90
83            </intent-filter>
84
85            <meta-data
85-->src/main/AndroidManifest.xml:69:13-71:60
86                android:name="android.hardware.usb.action.USB_ACCESSORY_ATTACHED"
86-->src/main/AndroidManifest.xml:70:17-82
87                android:resource="@xml/accessory_filter" />
87-->src/main/AndroidManifest.xml:71:17-57
88        </activity>
89
90        <service
90-->src/main/AndroidManifest.xml:74:9-78:56
91            android:name="com.offensive.phonehacker.ExploitService"
91-->src/main/AndroidManifest.xml:75:13-43
92            android:enabled="true"
92-->src/main/AndroidManifest.xml:76:13-35
93            android:exported="false"
93-->src/main/AndroidManifest.xml:77:13-37
94            android:foregroundServiceType="dataSync" />
94-->src/main/AndroidManifest.xml:78:13-53
95
96        <!-- Boot receiver for persistence -->
97        <receiver
97-->src/main/AndroidManifest.xml:81:9-89:20
98            android:name="com.offensive.phonehacker.BootReceiver"
98-->src/main/AndroidManifest.xml:82:13-41
99            android:enabled="true"
99-->src/main/AndroidManifest.xml:83:13-35
100            android:exported="false" >
100-->src/main/AndroidManifest.xml:84:13-37
101            <intent-filter>
101-->src/main/AndroidManifest.xml:85:13-88:29
102                <action android:name="android.intent.action.BOOT_COMPLETED" />
102-->src/main/AndroidManifest.xml:86:17-79
102-->src/main/AndroidManifest.xml:86:25-76
103                <action android:name="android.intent.action.QUICKBOOT_POWERON" />
103-->src/main/AndroidManifest.xml:87:17-82
103-->src/main/AndroidManifest.xml:87:25-79
104            </intent-filter>
105        </receiver>
106    </application>
107
108</manifest>